0 info it worked if it ends with ok
1 verbose cli [ '/home/victor/.nvm/versions/node/v0.12.7/bin/node',
1 verbose cli   '/home/victor/.nvm/versions/node/v0.12.7/bin/npm',
1 verbose cli   'publish' ]
2 info using npm@2.11.3
3 info using node@v0.12.7
4 verbose publish [ '.' ]
5 silly cache add args [ '.', null ]
6 verbose cache add spec .
7 silly cache add parsed spec { raw: '.',
7 silly cache add   scope: null,
7 silly cache add   name: null,
7 silly cache add   rawSpec: '.',
7 silly cache add   spec: '/simples/select-shell',
7 silly cache add   type: 'directory' }
8 verbose addLocalDirectory /home/victor/.npm/select-shell/0.1.0/package.tgz not in flight; packing
9 verbose tar pack [ '/home/victor/.npm/select-shell/0.1.0/package.tgz',
9 verbose tar pack   '/simples/select-shell' ]
10 verbose tarball /home/victor/.npm/select-shell/0.1.0/package.tgz
11 verbose folder /simples/select-shell
12 info prepublish select-shell@0.1.0
13 verbose addLocalTarball adding from inside cache /home/victor/.npm/select-shell/0.1.0/package.tgz
14 silly cache afterAdd select-shell@0.1.0
15 verbose afterAdd /home/victor/.npm/select-shell/0.1.0/package/package.json not in flight; writing
16 verbose afterAdd /home/victor/.npm/select-shell/0.1.0/package/package.json written
17 silly publish { name: 'select-shell',
17 silly publish   version: '0.1.0',
17 silly publish   description: 'list of select for nodejs on terminal.',
17 silly publish   main: 'index.js',
17 silly publish   scripts: { test: 'echo "Error: no test specified" && exit 1' },
17 silly publish   author: { name: 'luizstacio' },
17 silly publish   license: 'MIT',
17 silly publish   dependencies: { colors: '~0.6.2' },
17 silly publish   devDependencies: {},
17 silly publish   repository:
17 silly publish    { type: 'git',
17 silly publish      url: 'git+ssh://git@github.com/luizstacio/select-shell.git' },
17 silly publish   keywords:
17 silly publish    [ 'select',
17 silly publish      'list',
17 silly publish      'checklist',
17 silly publish      'options',
17 silly publish      'list',
17 silly publish      'options',
17 silly publish      'list',
17 silly publish      'checkbox' ],
17 silly publish   bugs: { url: 'https://github.com/luizstacio/select-shell/issues' },
17 silly publish   homepage: 'https://github.com/luizstacio/select-shell',
17 silly publish   readme: 'select-shell\n===============\n\nlist of select for nodejs on terminal.\n\n###Install\n```\n  $ npm install select-shell\n```\n\n###Using\n\nNavigate with arrows\n\n**Up and Down** - Navigates on the options<br/>\n**Right** - Check the option<br/>\n**Left** - Uncheck the option<br/>\n**Enter/Return** - confirms the options selected<br/>\n**Esc** - Cancel/Exit<br/>\n\n###Code\n``` \n\'use strict\';\n\nvar list = require(\'./index\')(\n  /* possible configs */\n  {\n    pointer: \' ▸ \',\n    pointerColor: \'yellow\',\n    checked: \' ◉  \',\n    unchecked:\' ◎  \',\n    checkedColor: \'blue\',\n    msgCancel: \'No selected options!\',\n    msgCancelColor: \'orange\',\n    multiSelect: true,\n    inverse: true,\n    prepend: true\n  }\n);\n\nvar stream = process.stdin;\n\nlist.option(\' One    \')\n    .option(\' Two    \')\n    .option(\' Three  \')\n    .list();\n\nlist.on(\'select\', function(options){\n  console.log(options);\n  process.exit(0);\n});\n\nlist.on(\'cancel\', function(options){\n  console.log(\'Cancel list, \'+ options.length +\' options selected\');\n  process.exit(0);\n});\n```\n\n![select-shell example image](https://raw.github.com/mralexgray/select-shell/selection-options/sample.png)\n\n\n###Optional configs\n```\nvar select = require(\'select-shell\')(\n  /* These are the default values */\n  {\n    pointer: \'> \',\n    pointerColor: \'white\',\n    checked: \' ✓\',\n    unchecked: \'\',\n    checkedColor: \'green\',\n    msgCancel: \'No selected options!\',\n    msgCancelColor: \'red\',\n    multiSelect: true,\n    inverse: false,\n    prepend: false\n  }\n);\n```\n\n###The scheme of color is equal to the module [colors](https://github.com/Marak/colors.js "module colors").\n\n  - bold\n  - italic\n  - underline\n  - inverse\n  - yellow\n  - cyan\n  - white\n  - magenta\n  - green\n  - red\n  - grey\n  - blue\n  - rainbow\n  - zebra\n  - random\n',
17 silly publish   readmeFilename: 'README.md',
17 silly publish   gitHead: '52b2be8c02592d80ad4359b40304d960f27fdf6f',
17 silly publish   _id: 'select-shell@0.1.0',
17 silly publish   _shasum: 'd74a05e0cfc9c7c6f915380799a5812c2a4d82e8',
17 silly publish   _from: '.' }
18 verbose getPublishConfig undefined
19 silly mapToRegistry name select-shell
20 silly mapToRegistry using default registry
21 silly mapToRegistry registry https://registry.npmjs.org/
22 silly mapToRegistry uri https://registry.npmjs.org/select-shell
23 verbose publish registryBase https://registry.npmjs.org/
24 silly publish uploading /home/victor/.npm/select-shell/0.1.0/package.tgz
25 verbose request uri https://registry.npmjs.org/select-shell
26 verbose request sending authorization for write operation
27 info attempt registry request try #1 at 8:13:23 PM
28 verbose request using bearer token for auth
29 verbose request id f2b220ac5889a5ab
30 http request PUT https://registry.npmjs.org/select-shell
31 http 403 https://registry.npmjs.org/select-shell
32 verbose headers { 'content-type': 'application/json',
32 verbose headers   'cache-control': 'max-age=60',
32 verbose headers   'content-length': '95',
32 verbose headers   'accept-ranges': 'bytes',
32 verbose headers   date: 'Sat, 26 Sep 2015 23:13:25 GMT',
32 verbose headers   via: '1.1 varnish',
32 verbose headers   connection: 'keep-alive',
32 verbose headers   'x-served-by': 'cache-atl6220-ATL',
32 verbose headers   'x-cache': 'MISS',
32 verbose headers   'x-cache-hits': '0',
32 verbose headers   'x-timer': 'S1443309204.500692,VS0,VE959' }
33 verbose request invalidating /home/victor/.npm/registry.npmjs.org/select-shell on PUT
34 error publish Failed PUT 403
35 verbose stack Error: "You cannot publish over the previously published version 0.1.0." : select-shell
35 verbose stack     at CachingRegistryClient.<anonymous> (/home/victor/.nvm/versions/node/v0.12.7/lib/node_modules/npm/node_modules/npm-registry-client/lib/request.js:247:14)
35 verbose stack     at Request._callback (/home/victor/.nvm/versions/node/v0.12.7/lib/node_modules/npm/node_modules/npm-registry-client/lib/request.js:170:14)
35 verbose stack     at Request.self.callback (/home/victor/.nvm/versions/node/v0.12.7/lib/node_modules/npm/node_modules/request/request.js:354:22)
35 verbose stack     at Request.emit (events.js:110:17)
35 verbose stack     at Request.<anonymous> (/home/victor/.nvm/versions/node/v0.12.7/lib/node_modules/npm/node_modules/request/request.js:1207:14)
35 verbose stack     at Request.emit (events.js:129:20)
35 verbose stack     at IncomingMessage.<anonymous> (/home/victor/.nvm/versions/node/v0.12.7/lib/node_modules/npm/node_modules/request/request.js:1153:12)
35 verbose stack     at IncomingMessage.emit (events.js:129:20)
35 verbose stack     at _stream_readable.js:908:16
35 verbose stack     at process._tickCallback (node.js:355:11)
36 verbose statusCode 403
37 verbose pkgid select-shell
38 verbose cwd /simples/select-shell
39 error Linux 3.19.0-28-generic
40 error argv "/home/victor/.nvm/versions/node/v0.12.7/bin/node" "/home/victor/.nvm/versions/node/v0.12.7/bin/npm" "publish"
41 error node v0.12.7
42 error npm  v2.11.3
43 error code E403
44 error "You cannot publish over the previously published version 0.1.0." : select-shell
45 error If you need help, you may report this error at:
45 error     <https://github.com/npm/npm/issues>
46 verbose exit [ 1, true ]
